2024-01-24 02:30:35,558 [myid:] - INFO  [main:QuorumPeerConfig@174] - Reading configuration from: /home/tonypan/CORDS/systems/zk/conf-3/zoo.cfg
2024-01-24 02:30:35,564 [myid:] - INFO  [main:QuorumPeerConfig@460] - clientPortAddress is 0.0.0.0:10717
2024-01-24 02:30:35,564 [myid:] - INFO  [main:QuorumPeerConfig@464] - secureClientPort is not set
2024-01-24 02:30:35,564 [myid:] - INFO  [main:QuorumPeerConfig@480] - observerMasterPort is not set
2024-01-24 02:30:35,565 [myid:] - INFO  [main:QuorumPeerConfig@497] - metricsProvider.className is org.apache.zookeeper.metrics.impl.DefaultMetricsProvider
2024-01-24 02:30:35,571 [myid:3] - INFO  [main:DatadirCleanupManager@78] - autopurge.snapRetainCount set to 3
2024-01-24 02:30:35,571 [myid:3] - INFO  [main:DatadirCleanupManager@79] - autopurge.purgeInterval set to 0
2024-01-24 02:30:35,572 [myid:3] - INFO  [main:DatadirCleanupManager@101] - Purge task is not scheduled.
2024-01-24 02:30:35,575 [myid:3] - INFO  [main:ManagedUtil@44] - Log4j 1.2 jmx support found and enabled.
2024-01-24 02:30:35,584 [myid:3] - INFO  [main:QuorumPeerMain@151] - Starting quorum peer, myid=3
2024-01-24 02:30:35,599 [myid:3] - INFO  [main:ServerMetrics@62] - ServerMetrics initialized with provider org.apache.zookeeper.metrics.impl.DefaultMetricsProvider@7c30a502
2024-01-24 02:30:35,604 [myid:3] - INFO  [main:ServerCnxnFactory@169] - Using org.apache.zookeeper.server.NIOServerCnxnFactory as server connection factory
2024-01-24 02:30:35,605 [myid:3] - WARN  [main:ServerCnxnFactory@309] - maxCnxns is not configured, using default value 0.
2024-01-24 02:30:35,606 [myid:3] - INFO  [main:NIOServerCnxnFactory@666] - Configuring NIO connection handler with 10s sessionless connection timeout, 3 selector thread(s), 40 worker threads, and 64 kB direct buffers.
2024-01-24 02:30:35,610 [myid:3] - INFO  [main:NIOServerCnxnFactory@674] - binding to port 0.0.0.0/0.0.0.0:10717
2024-01-24 02:30:35,615 [myid:3] - INFO  [main:QuorumPeer@752] - zookeeper.quorumCnxnTimeoutMs=-1
2024-01-24 02:30:35,636 [myid:3] - INFO  [main:Log@169] - Logging initialized @372ms to org.eclipse.jetty.util.log.Slf4jLog
2024-01-24 02:30:35,720 [myid:3] - WARN  [main:ContextHandler@1520] - o.e.j.s.ServletContextHandler@6e6c3152{/,null,UNAVAILABLE} contextPath ends with /*
2024-01-24 02:30:35,720 [myid:3] - WARN  [main:ContextHandler@1531] - Empty contextPath
2024-01-24 02:30:35,734 [myid:3] - INFO  [main:X509Util@77] - Setting -D jdk.tls.rejectClientInitiatedRenegotiation=true to disable client-initiated TLS renegotiation
2024-01-24 02:30:35,736 [myid:3] - INFO  [main:FileTxnSnapLog@124] - zookeeper.snapshot.trust.empty : false
2024-01-24 02:30:35,738 [myid:3] - INFO  [main:QuorumPeer@1683] - Local sessions disabled
2024-01-24 02:30:35,739 [myid:3] - INFO  [main:QuorumPeer@1694] - Local session upgrading disabled
2024-01-24 02:30:35,739 [myid:3] - INFO  [main:QuorumPeer@1661] - tickTime set to 2000
2024-01-24 02:30:35,739 [myid:3] - INFO  [main:QuorumPeer@1705] - minSessionTimeout set to 4000
2024-01-24 02:30:35,739 [myid:3] - INFO  [main:QuorumPeer@1716] - maxSessionTimeout set to 40000
2024-01-24 02:30:35,739 [myid:3] - INFO  [main:QuorumPeer@1741] - initLimit set to 10
2024-01-24 02:30:35,739 [myid:3] - INFO  [main:QuorumPeer@1928] - syncLimit set to 5
2024-01-24 02:30:35,739 [myid:3] - INFO  [main:QuorumPeer@1943] - connectToLearnerMasterLimit set to 0
2024-01-24 02:30:35,747 [myid:3] - INFO  [main:ZookeeperBanner@42] - 
2024-01-24 02:30:35,747 [myid:3] - INFO  [main:ZookeeperBanner@42] -   ______                  _                                          
2024-01-24 02:30:35,747 [myid:3] - INFO  [main:ZookeeperBanner@42] -  |___  /                 | |                                         
2024-01-24 02:30:35,747 [myid:3] - INFO  [main:ZookeeperBanner@42] -     / /    ___     ___   | | __   ___    ___   _ __     ___   _ __   
2024-01-24 02:30:35,747 [myid:3] - INFO  [main:ZookeeperBanner@42] -    / /    / _ \   / _ \  | |/ /  / _ \  / _ \ | '_ \   / _ \ | '__|
2024-01-24 02:30:35,747 [myid:3] - INFO  [main:ZookeeperBanner@42] -   / /__  | (_) | | (_) | |   <  |  __/ |  __/ | |_) | |  __/ | |    
2024-01-24 02:30:35,748 [myid:3] - INFO  [main:ZookeeperBanner@42] -  /_____|  \___/   \___/  |_|\_\  \___|  \___| | .__/   \___| |_|
2024-01-24 02:30:35,748 [myid:3] - INFO  [main:ZookeeperBanner@42] -                                               | |                     
2024-01-24 02:30:35,748 [myid:3] - INFO  [main:ZookeeperBanner@42] -                                               |_|                     
2024-01-24 02:30:35,748 [myid:3] - INFO  [main:ZookeeperBanner@42] - 
2024-01-24 02:30:35,749 [myid:3] - INFO  [main:Environment@98] - Server environment:zookeeper.version=3.6.2--5ee016219592e7e4ca9de4a028520949ea68071c, built on 01/24/2024 03:34 GMT
2024-01-24 02:30:35,749 [myid:3] - INFO  [main:Environment@98] - Server environment:host.name=razor16
2024-01-24 02:30:35,749 [myid:3] - INFO  [main:Environment@98] - Server environment:java.version=1.8.0_292
2024-01-24 02:30:35,749 [myid:3] - INFO  [main:Environment@98] - Server environment:java.vendor=Private Build
2024-01-24 02:30:35,749 [myid:3] - INFO  [main:Environment@98] - Server environment:java.home=/usr/lib/jvm/java-8-openjdk-amd64/jre
2024-01-24 02:30:35,749 [myid:3] - INFO  [main:Environment@98] - Server environment:java.class.path=/home/tonypan/legolas-target-systems/zookeeper/3.6.2/bin/../zookeeper-server/target/classes:/home/tonypan/legolas-target-systems/zookeeper/3.6.2/bin/../build/classes:/home/tonypan/legolas-target-systems/zookeeper/3.6.2/bin/../zookeeper-server/target/lib/zookeeper-jute-3.6.2.jar:/home/tonypan/legolas-target-systems/zookeeper/3.6.2/bin/../zookeeper-server/target/lib/token-provider-2.0.0.jar:/home/tonypan/legolas-target-systems/zookeeper/3.6.2/bin/../zookeeper-server/target/lib/spotbugs-annotations-4.0.2.jar:/home/tonypan/legolas-target-systems/zookeeper/3.6.2/bin/../zookeeper-server/target/lib/snappy-java-1.1.7.jar:/home/tonypan/legolas-target-systems/zookeeper/3.6.2/bin/../zookeeper-server/target/lib/slf4j-log4j12-1.7.25.jar:/home/tonypan/legolas-target-systems/zookeeper/3.6.2/bin/../zookeeper-server/target/lib/slf4j-api-1.7.25.jar:/home/tonypan/legolas-target-systems/zookeeper/3.6.2/bin/../zookeeper-server/target/lib/objenesis-2.6.jar:/home/tonypan/legolas-target-systems/zookeeper/3.6.2/bin/../zookeeper-server/target/lib/nimbus-jose-jwt-4.41.2.jar:/home/tonypan/legolas-target-systems/zookeeper/3.6.2/bin/../zookeeper-server/target/lib/netty-transport-native-unix-common-4.1.50.Final.jar:/home/tonypan/legolas-target-systems/zookeeper/3.6.2/bin/../zookeeper-server/target/lib/netty-transport-native-epoll-4.1.50.Final.jar:/home/tonypan/legolas-target-systems/zookeeper/3.6.2/bin/../zookeeper-server/target/lib/netty-transport-4.1.50.Final.jar:/home/tonypan/legolas-target-systems/zookeeper/3.6.2/bin/../zookeeper-server/target/lib/netty-resolver-4.1.50.Final.jar:/home/tonypan/legolas-target-systems/zookeeper/3.6.2/bin/../zookeeper-server/target/lib/netty-handler-4.1.50.Final.jar:/home/tonypan/legolas-target-systems/zookeeper/3.6.2/bin/../zookeeper-server/target/lib/netty-common-4.1.50.Final.jar:/home/tonypan/legolas-target-systems/zookeeper/3.6.2/bin/../zookeeper-server/target/lib/netty-codec-4.1.50.Final.jar:/home/tonypan/legolas-target-systems/zookeeper/3.6.2/bin/../zookeeper-server/target/lib/netty-buffer-4.1.50.Final.jar:/home/tonypan/legolas-target-systems/zookeeper/3.6.2/bin/../zookeeper-server/target/lib/mockito-core-2.27.0.jar:/home/tonypan/legolas-target-systems/zookeeper/3.6.2/bin/../zookeeper-server/target/lib/metrics-core-3.2.5.jar:/home/tonypan/legolas-target-systems/zookeeper/3.6.2/bin/../zookeeper-server/target/lib/log4j-1.2.17.jar:/home/tonypan/legolas-target-systems/zookeeper/3.6.2/bin/../zookeeper-server/target/lib/kerby-xdr-2.0.0.jar:/home/tonypan/legolas-target-systems/zookeeper/3.6.2/bin/../zookeeper-server/target/lib/kerby-util-2.0.0.jar:/home/tonypan/legolas-target-systems/zookeeper/3.6.2/bin/../zookeeper-server/target/lib/kerby-pkix-2.0.0.jar:/home/tonypan/legolas-target-systems/zookeeper/3.6.2/bin/../zookeeper-server/target/lib/kerby-config-2.0.0.jar:/home/tonypan/legolas-target-systems/zookeeper/3.6.2/bin/../zookeeper-server/target/lib/kerby-asn1-2.0.0.jar:/home/tonypan/legolas-target-systems/zookeeper/3.6.2/bin/../zookeeper-server/target/lib/kerb-util-2.0.0.jar:/home/tonypan/legolas-target-systems/zookeeper/3.6.2/bin/../zookeeper-server/target/lib/kerb-simplekdc-2.0.0.jar:/home/tonypan/legolas-target-systems/zookeeper/3.6.2/bin/../zookeeper-server/target/lib/kerb-server-2.0.0.jar:/home/tonypan/legolas-target-systems/zookeeper/3.6.2/bin/../zookeeper-server/target/lib/kerb-identity-2.0.0.jar:/home/tonypan/legolas-target-systems/zookeeper/3.6.2/bin/../zookeeper-server/target/lib/kerb-crypto-2.0.0.jar:/home/tonypan/legolas-target-systems/zookeeper/3.6.2/bin/../zookeeper-server/target/lib/kerb-core-2.0.0.jar:/home/tonypan/legolas-target-systems/zookeeper/3.6.2/bin/../zookeeper-server/target/lib/kerb-common-2.0.0.jar:/home/tonypan/legolas-target-systems/zookeeper/3.6.2/bin/../zookeeper-server/target/lib/kerb-client-2.0.0.jar:/home/tonypan/legolas-target-systems/zookeeper/3.6.2/bin/../zookeeper-server/target/lib/kerb-admin-2.0.0.jar:/home/tonypan/legolas-target-systems/zookeeper/3.6.2/bin/../zookeeper-server/target/lib/junit-4.12.jar:/home/tonypan/legolas-target-systems/zookeeper/3.6.2/bin/../zookeeper-server/target/lib/jsr305-3.0.2.jar:/home/tonypan/legolas-target-systems/zookeeper/3.6.2/bin/../zookeeper-server/target/lib/json-smart-2.3.jar:/home/tonypan/legolas-target-systems/zookeeper/3.6.2/bin/../zookeeper-server/target/lib/json-simple-1.1.1.jar:/home/tonypan/legolas-target-systems/zookeeper/3.6.2/bin/../zookeeper-server/target/lib/jmockit-1.48.jar:/home/tonypan/legolas-target-systems/zookeeper/3.6.2/bin/../zookeeper-server/target/lib/jline-2.14.6.jar:/home/tonypan/legolas-target-systems/zookeeper/3.6.2/bin/../zookeeper-server/target/lib/jetty-util-9.4.24.v20191120.jar:/home/tonypan/legolas-target-systems/zookeeper/3.6.2/bin/../zookeeper-server/target/lib/jetty-servlet-9.4.24.v20191120.jar:/home/tonypan/legolas-target-systems/zookeeper/3.6.2/bin/../zookeeper-server/target/lib/jetty-server-9.4.24.v20191120.jar:/home/tonypan/legolas-target-systems/zookeeper/3.6.2/bin/../zookeeper-server/target/lib/jetty-security-9.4.24.v20191120.jar:/home/tonypan/legolas-target-systems/zookeeper/3.6.2/bin/../zookeeper-server/target/lib/jetty-io-9.4.24.v20191120.jar:/home/tonypan/legolas-target-systems/zookeeper/3.6.2/bin/../zookeeper-server/target/lib/jetty-http-9.4.24.v20191120.jar:/home/tonypan/legolas-target-systems/zookeeper/3.6.2/bin/../zookeeper-server/target/lib/jcip-annotations-1.0-1.jar:/home/tonypan/legolas-target-systems/zookeeper/3.6.2/bin/../zookeeper-server/target/lib/javax.servlet-api-3.1.0.jar:/home/tonypan/legolas-target-systems/zookeeper/3.6.2/bin/../zookeeper-server/target/lib/jackson-databind-2.10.3.jar:/home/tonypan/legolas-target-systems/zookeeper/3.6.2/bin/../zookeeper-server/target/lib/jackson-core-2.10.3.jar:/home/tonypan/legolas-target-systems/zookeeper/3.6.2/bin/../zookeeper-server/target/lib/jackson-annotations-2.10.3.jar:/home/tonypan/legolas-target-systems/zookeeper/3.6.2/bin/../zookeeper-server/target/lib/hamcrest-core-1.3.jar:/home/tonypan/legolas-target-systems/zookeeper/3.6.2/bin/../zookeeper-server/target/lib/hamcrest-all-1.3.jar:/home/tonypan/legolas-target-systems/zookeeper/3.6.2/bin/../zookeeper-server/target/lib/commons-lang-2.6.jar:/home/tonypan/legolas-target-systems/zookeeper/3.6.2/bin/../zookeeper-server/target/lib/commons-io-2.6.jar:/home/tonypan/legolas-target-systems/zookeeper/3.6.2/bin/../zookeeper-server/target/lib/commons-collections-3.2.2.jar:/home/tonypan/legolas-target-systems/zookeeper/3.6.2/bin/../zookeeper-server/target/lib/commons-cli-1.2.jar:/home/tonypan/legolas-target-systems/zookeeper/3.6.2/bin/../zookeeper-server/target/lib/byte-buddy-agent-1.9.10.jar:/home/tonypan/legolas-target-systems/zookeeper/3.6.2/bin/../zookeeper-server/target/lib/byte-buddy-1.9.10.jar:/home/tonypan/legolas-target-systems/zookeeper/3.6.2/bin/../zookeeper-server/target/lib/bcprov-jdk15on-1.60.jar:/home/tonypan/legolas-target-systems/zookeeper/3.6.2/bin/../zookeeper-server/target/lib/bcpkix-jdk15on-1.60.jar:/home/tonypan/legolas-target-systems/zookeeper/3.6.2/bin/../zookeeper-server/target/lib/audience-annotations-0.5.0.jar:/home/tonypan/legolas-target-systems/zookeeper/3.6.2/bin/../zookeeper-server/target/lib/asm-5.0.4.jar:/home/tonypan/legolas-target-systems/zookeeper/3.6.2/bin/../zookeeper-server/target/lib/accessors-smart-1.2.jar:/home/tonypan/legolas-target-systems/zookeeper/3.6.2/bin/../build/lib/*.jar:/home/tonypan/legolas-target-systems/zookeeper/3.6.2/bin/../lib/*.jar:/home/tonypan/legolas-target-systems/zookeeper/3.6.2/bin/../zookeeper-*.jar:/home/tonypan/legolas-target-systems/zookeeper/3.6.2/bin/../zookeeper-server/src/main/resources/lib/*.jar:/home/tonypan/CORDS/systems/zk/conf-3:
2024-01-24 02:30:35,749 [myid:3] - INFO  [main:Environment@98] - Server environment:java.library.path=/usr/java/packages/lib/amd64:/usr/lib/x86_64-linux-gnu/jni:/lib/x86_64-linux-gnu:/usr/lib/x86_64-linux-gnu:/usr/lib/jni:/lib:/usr/lib
2024-01-24 02:30:35,749 [myid:3] - INFO  [main:Environment@98] - Server environment:java.io.tmpdir=/tmp
2024-01-24 02:30:35,750 [myid:3] - INFO  [main:Environment@98] - Server environment:java.compiler=<NA>
2024-01-24 02:30:35,750 [myid:3] - INFO  [main:Environment@98] - Server environment:os.name=Linux
2024-01-24 02:30:35,750 [myid:3] - INFO  [main:Environment@98] - Server environment:os.arch=amd64
2024-01-24 02:30:35,750 [myid:3] - INFO  [main:Environment@98] - Server environment:os.version=4.15.0-142-generic
2024-01-24 02:30:35,750 [myid:3] - INFO  [main:Environment@98] - Server environment:user.name=tonypan
2024-01-24 02:30:35,750 [myid:3] - INFO  [main:Environment@98] - Server environment:user.home=/home/tonypan
2024-01-24 02:30:35,750 [myid:3] - INFO  [main:Environment@98] - Server environment:user.dir=/home/tonypan/CORDS/systems/kafka
2024-01-24 02:30:35,750 [myid:3] - INFO  [main:Environment@98] - Server environment:os.memory.free=433MB
2024-01-24 02:30:35,750 [myid:3] - INFO  [main:Environment@98] - Server environment:os.memory.max=889MB
2024-01-24 02:30:35,750 [myid:3] - INFO  [main:Environment@98] - Server environment:os.memory.total=475MB
2024-01-24 02:30:35,750 [myid:3] - INFO  [main:ZooKeeperServer@129] - zookeeper.enableEagerACLCheck = false
2024-01-24 02:30:35,750 [myid:3] - INFO  [main:ZooKeeperServer@137] - zookeeper.digest.enabled = true
2024-01-24 02:30:35,750 [myid:3] - INFO  [main:ZooKeeperServer@141] - zookeeper.closeSessionTxn.enabled = true
2024-01-24 02:30:35,750 [myid:3] - INFO  [main:ZooKeeperServer@1444] - zookeeper.flushDelay=0
2024-01-24 02:30:35,751 [myid:3] - INFO  [main:ZooKeeperServer@1453] - zookeeper.maxWriteQueuePollTime=0
2024-01-24 02:30:35,751 [myid:3] - INFO  [main:ZooKeeperServer@1462] - zookeeper.maxBatchSize=1000
2024-01-24 02:30:35,751 [myid:3] - INFO  [main:ZooKeeperServer@243] - zookeeper.intBufferStartingSizeBytes = 1024
2024-01-24 02:30:35,754 [myid:3] - INFO  [main:WatchManagerFactory@42] - Using org.apache.zookeeper.server.watch.WatchManager as watch manager
2024-01-24 02:30:35,754 [myid:3] - INFO  [main:WatchManagerFactory@42] - Using org.apache.zookeeper.server.watch.WatchManager as watch manager
2024-01-24 02:30:35,755 [myid:3] - INFO  [main:ZKDatabase@132] - zookeeper.snapshotSizeFactor = 0.33
2024-01-24 02:30:35,755 [myid:3] - INFO  [main:ZKDatabase@152] - zookeeper.commitLogCount=500
2024-01-24 02:30:35,765 [myid:3] - INFO  [main:QuorumPeer@2009] - Using insecure (non-TLS) quorum communication
2024-01-24 02:30:35,765 [myid:3] - INFO  [main:QuorumPeer@2015] - Port unification disabled
2024-01-24 02:30:35,765 [myid:3] - INFO  [main:QuorumPeer@174] - multiAddress.enabled set to false
2024-01-24 02:30:35,766 [myid:3] - INFO  [main:QuorumPeer@199] - multiAddress.reachabilityCheckEnabled set to true
2024-01-24 02:30:35,766 [myid:3] - INFO  [main:QuorumPeer@186] - multiAddress.reachabilityCheckTimeoutMs set to 1000
2024-01-24 02:30:35,766 [myid:3] - INFO  [main:QuorumPeer@2469] - QuorumPeer communication is not secured! (SASL auth disabled)
2024-01-24 02:30:35,766 [myid:3] - INFO  [main:QuorumPeer@2494] - quorum.cnxn.threads.size set to 20
2024-01-24 02:30:35,770 [myid:3] - INFO  [main:SnapStream@61] - zookeeper.snapshot.compression.method = CHECKED
2024-01-24 02:30:35,770 [myid:3] - INFO  [main:FileTxnSnapLog@470] - Snapshotting: 0x0 to /home/tonypan/CORDS/systems/zk/store-3/version-2/snapshot.0
2024-01-24 02:30:35,773 [myid:3] - INFO  [main:ZKDatabase@289] - Snapshot loaded in 6 ms, highest zxid is 0x0, digest is 1371985504
2024-01-24 02:30:35,773 [myid:3] - INFO  [main:QuorumPeer@1105] - currentEpoch not found! Creating with a reasonable default of 0. This should only happen when you are upgrading your installation
2024-01-24 02:30:35,775 [myid:3] - INFO  [main:QuorumPeer@1125] - acceptedEpoch not found! Creating with a reasonable default of 0. This should only happen when you are upgrading your installation
2024-01-24 02:30:35,786 [myid:3] - INFO  [main:Server@359] - jetty-9.4.24.v20191120; built: 2019-11-20T21:37:49.771Z; git: 363d5f2df3a8a28de40604320230664b9c793c16; jvm 1.8.0_292-8u292-b10-0ubuntu1~18.04-b10
2024-01-24 02:30:35,812 [myid:3] - INFO  [main:DefaultSessionIdManager@333] - DefaultSessionIdManager workerName=node0
2024-01-24 02:30:35,812 [myid:3] - INFO  [main:DefaultSessionIdManager@338] - No SessionScavenger set, using defaults
2024-01-24 02:30:35,813 [myid:3] - INFO  [main:HouseKeeper@140] - node0 Scavenging every 600000ms
2024-01-24 02:30:35,816 [myid:3] - WARN  [main:ConstraintSecurityHandler@757] - ServletContext@o.e.j.s.ServletContextHandler@6e6c3152{/,null,STARTING} has uncovered http methods for path: /*
2024-01-24 02:30:35,822 [myid:3] - INFO  [main:ContextHandler@825] - Started o.e.j.s.ServletContextHandler@6e6c3152{/,null,AVAILABLE}
2024-01-24 02:30:35,823 [myid:3] - WARN  [main:QuorumPeer@1083] - Problem starting AdminServer
org.apache.zookeeper.server.admin.AdminServer$AdminServerException: Problem starting AdminServer on address 0.0.0.0, port 8080 and command URL /commands
	at org.apache.zookeeper.server.admin.JettyAdminServer.start(JettyAdminServer.java:180)
	at org.apache.zookeeper.server.quorum.QuorumPeer.start(QuorumPeer.java:1081)
	at org.apache.zookeeper.server.quorum.QuorumPeerMain.runFromConfig(QuorumPeerMain.java:227)
	at org.apache.zookeeper.server.quorum.QuorumPeerMain.initializeAndRun(QuorumPeerMain.java:136)
	at org.apache.zookeeper.server.quorum.QuorumPeerMain.main(QuorumPeerMain.java:90)
Caused by: java.io.IOException: Failed to bind to /0.0.0.0:8080
	at org.eclipse.jetty.server.ServerConnector.openAcceptChannel(ServerConnector.java:346)
	at org.eclipse.jetty.server.ServerConnector.open(ServerConnector.java:307)
	at org.eclipse.jetty.server.AbstractNetworkConnector.doStart(AbstractNetworkConnector.java:80)
	at org.eclipse.jetty.server.ServerConnector.doStart(ServerConnector.java:231)
	at org.eclipse.jetty.util.component.AbstractLifeCycle.start(AbstractLifeCycle.java:72)
	at org.eclipse.jetty.server.Server.doStart(Server.java:385)
	at org.eclipse.jetty.util.component.AbstractLifeCycle.start(AbstractLifeCycle.java:72)
	at org.apache.zookeeper.server.admin.JettyAdminServer.start(JettyAdminServer.java:171)
	... 4 more
Caused by: java.net.BindException: Address already in use
	at sun.nio.ch.Net.bind0(Native Method)
	at sun.nio.ch.Net.bind(Net.java:461)
	at sun.nio.ch.Net.bind(Net.java:453)
	at sun.nio.ch.ServerSocketChannelImpl.bind(ServerSocketChannelImpl.java:222)
	at sun.nio.ch.ServerSocketAdaptor.bind(ServerSocketAdaptor.java:85)
	at org.eclipse.jetty.server.ServerConnector.openAcceptChannel(ServerConnector.java:342)
	... 11 more
org.apache.zookeeper.server.admin.AdminServer$AdminServerException: Problem starting AdminServer on address 0.0.0.0, port 8080 and command URL /commands
2024-01-24 02:30:35,825 [myid:3] - INFO  [main:QuorumPeer@2511] - Using 10000ms as the quorum cnxn socket timeout
2024-01-24 02:30:35,829 [myid:3] - INFO  [main:QuorumCnxManager$Listener@923] - Election port bind maximum retries is 3
2024-01-24 02:30:35,831 [myid:3] - INFO  [main:FastLeaderElection@88] - zookeeper.fastleader.minNotificationInterval=200
2024-01-24 02:30:35,831 [myid:3] - INFO  [main:FastLeaderElection@90] - zookeeper.fastleader.maxNotificationInterval=60000
2024-01-24 02:30:35,833 [myid:3] - INFO  [main:ZKAuditProvider@42] - ZooKeeper audit is disabled.
2024-01-24 02:30:35,834 [myid:3] - INFO  [ListenerHandler-localhost/127.0.0.1:10921:QuorumCnxManager$Listener$ListenerHandler@1065] - 3 is accepting connections now, my election bind port: localhost/127.0.0.1:10921
2024-01-24 02:30:35,838 [myid:3] - INFO  [QuorumPeer[myid=3](plain=[0:0:0:0:0:0:0:0]:10717)(secure=disabled):QuorumPeer@1374] - LOOKING
2024-01-24 02:30:35,838 [myid:3] - INFO  [QuorumPeer[myid=3](plain=[0:0:0:0:0:0:0:0]:10717)(secure=disabled):FastLeaderElection@944] - New election. My id = 3, proposed zxid=0x0
2024-01-24 02:30:35,845 [myid:3] - INFO  [WorkerReceiver[myid=3]:FastLeaderElection$Messenger$WorkerReceiver@389] - Notification: my state:LOOKING; n.sid:3, n.state:LOOKING, n.leader:3, n.round:0x1, n.peerEpoch:0x0, n.zxid:0x0, message format version:0x2, n.config version:0x0
2024-01-24 02:30:35,848 [myid:3] - INFO  [WorkerReceiver[myid=3]:FastLeaderElection$Messenger$WorkerReceiver@389] - Notification: my state:LOOKING; n.sid:2, n.state:LOOKING, n.leader:2, n.round:0x1, n.peerEpoch:0x0, n.zxid:0x0, message format version:0x2, n.config version:0x0
2024-01-24 02:30:35,849 [myid:3] - INFO  [WorkerReceiver[myid=3]:FastLeaderElection$Messenger$WorkerReceiver@389] - Notification: my state:LOOKING; n.sid:1, n.state:LOOKING, n.leader:2, n.round:0x1, n.peerEpoch:0x0, n.zxid:0x0, message format version:0x2, n.config version:0x0
2024-01-24 02:30:35,849 [myid:3] - INFO  [WorkerReceiver[myid=3]:FastLeaderElection$Messenger$WorkerReceiver@389] - Notification: my state:LOOKING; n.sid:1, n.state:FOLLOWING, n.leader:2, n.round:0x1, n.peerEpoch:0x1, n.zxid:0x0, message format version:0x2, n.config version:0x0
2024-01-24 02:30:35,850 [myid:3] - INFO  [WorkerReceiver[myid=3]:FastLeaderElection$Messenger$WorkerReceiver@389] - Notification: my state:LOOKING; n.sid:2, n.state:LEADING, n.leader:2, n.round:0x1, n.peerEpoch:0x1, n.zxid:0x0, message format version:0x2, n.config version:0x0
2024-01-24 02:30:35,850 [myid:3] - INFO  [QuorumPeer[myid=3](plain=[0:0:0:0:0:0:0:0]:10717)(secure=disabled):QuorumPeer@857] - Peer state changed: following
2024-01-24 02:30:35,850 [myid:3] - INFO  [QuorumPeer[myid=3](plain=[0:0:0:0:0:0:0:0]:10717)(secure=disabled):QuorumPeer@1456] - FOLLOWING
2024-01-24 02:30:35,853 [myid:3] - INFO  [QuorumPeer[myid=3](plain=[0:0:0:0:0:0:0:0]:10717)(secure=disabled):Learner@117] - leaderConnectDelayDuringRetryMs: 100
2024-01-24 02:30:35,853 [myid:3] - INFO  [QuorumPeer[myid=3](plain=[0:0:0:0:0:0:0:0]:10717)(secure=disabled):Learner@118] - TCP NoDelay set to: true
2024-01-24 02:30:35,855 [myid:3] - INFO  [QuorumPeer[myid=3](plain=[0:0:0:0:0:0:0:0]:10717)(secure=disabled):BlueThrottle@141] - Weighed connection throttling is disabled
2024-01-24 02:30:35,855 [myid:3] - INFO  [QuorumPeer[myid=3](plain=[0:0:0:0:0:0:0:0]:10717)(secure=disabled):ZooKeeperServer@1256] - minSessionTimeout set to 4000
2024-01-24 02:30:35,855 [myid:3] - INFO  [QuorumPeer[myid=3](plain=[0:0:0:0:0:0:0:0]:10717)(secure=disabled):ZooKeeperServer@1265] - maxSessionTimeout set to 40000
2024-01-24 02:30:35,856 [myid:3] - INFO  [QuorumPeer[myid=3](plain=[0:0:0:0:0:0:0:0]:10717)(secure=disabled):ResponseCache@45] - Response cache size is initialized with value 400.
2024-01-24 02:30:35,856 [myid:3] - INFO  [QuorumPeer[myid=3](plain=[0:0:0:0:0:0:0:0]:10717)(secure=disabled):ResponseCache@45] - Response cache size is initialized with value 400.
2024-01-24 02:30:35,857 [myid:3] - INFO  [QuorumPeer[myid=3](plain=[0:0:0:0:0:0:0:0]:10717)(secure=disabled):RequestPathMetricsCollector@111] - zookeeper.pathStats.slotCapacity = 60
2024-01-24 02:30:35,857 [myid:3] - INFO  [QuorumPeer[myid=3](plain=[0:0:0:0:0:0:0:0]:10717)(secure=disabled):RequestPathMetricsCollector@112] - zookeeper.pathStats.slotDuration = 15
2024-01-24 02:30:35,857 [myid:3] - INFO  [QuorumPeer[myid=3](plain=[0:0:0:0:0:0:0:0]:10717)(secure=disabled):RequestPathMetricsCollector@113] - zookeeper.pathStats.maxDepth = 6
2024-01-24 02:30:35,857 [myid:3] - INFO  [QuorumPeer[myid=3](plain=[0:0:0:0:0:0:0:0]:10717)(secure=disabled):RequestPathMetricsCollector@114] - zookeeper.pathStats.initialDelay = 5
2024-01-24 02:30:35,857 [myid:3] - INFO  [QuorumPeer[myid=3](plain=[0:0:0:0:0:0:0:0]:10717)(secure=disabled):RequestPathMetricsCollector@115] - zookeeper.pathStats.delay = 5
2024-01-24 02:30:35,857 [myid:3] - INFO  [QuorumPeer[myid=3](plain=[0:0:0:0:0:0:0:0]:10717)(secure=disabled):RequestPathMetricsCollector@116] - zookeeper.pathStats.enabled = false
2024-01-24 02:30:35,859 [myid:3] - INFO  [QuorumPeer[myid=3](plain=[0:0:0:0:0:0:0:0]:10717)(secure=disabled):ZooKeeperServer@1481] - The max bytes for all large requests are set to 104857600
2024-01-24 02:30:35,859 [myid:3] - INFO  [QuorumPeer[myid=3](plain=[0:0:0:0:0:0:0:0]:10717)(secure=disabled):ZooKeeperServer@1495] - The large request threshold is set to -1
2024-01-24 02:30:35,859 [myid:3] - INFO  [QuorumPeer[myid=3](plain=[0:0:0:0:0:0:0:0]:10717)(secure=disabled):ZooKeeperServer@339] - Created server with tickTime 2000 minSessionTimeout 4000 maxSessionTimeout 40000 clientPortListenBacklog -1 datadir /home/tonypan/CORDS/systems/zk/store-3/version-2 snapdir /home/tonypan/CORDS/systems/zk/store-3/version-2
2024-01-24 02:30:35,860 [myid:3] - INFO  [QuorumPeer[myid=3](plain=[0:0:0:0:0:0:0:0]:10717)(secure=disabled):Follower@75] - FOLLOWING - LEADER ELECTION TOOK - 21 MS
2024-01-24 02:30:35,861 [myid:3] - INFO  [QuorumPeer[myid=3](plain=[0:0:0:0:0:0:0:0]:10717)(secure=disabled):QuorumPeer@863] - Peer state changed: following - discovery
2024-01-24 02:30:35,863 [myid:3] - INFO  [LeaderConnector-localhost/127.0.0.1:10818:Learner$LeaderConnector@330] - Successfully connected to leader, using address: localhost/127.0.0.1:10818
2024-01-24 02:30:35,867 [myid:3] - INFO  [QuorumPeer[myid=3](plain=[0:0:0:0:0:0:0:0]:10717)(secure=disabled):QuorumPeer@863] - Peer state changed: following - synchronization
2024-01-24 02:30:35,868 [myid:3] - INFO  [QuorumPeer[myid=3](plain=[0:0:0:0:0:0:0:0]:10717)(secure=disabled):QuorumPeer@868] - Peer state changed: following - synchronization - snap
2024-01-24 02:30:35,868 [myid:3] - INFO  [QuorumPeer[myid=3](plain=[0:0:0:0:0:0:0:0]:10717)(secure=disabled):Learner@516] - Getting a snapshot from leader 0x100000000
2024-01-24 02:30:35,868 [myid:3] - INFO  [QuorumPeer[myid=3](plain=[0:0:0:0:0:0:0:0]:10717)(secure=disabled):WatchManagerFactory@42] - Using org.apache.zookeeper.server.watch.WatchManager as watch manager
2024-01-24 02:30:35,868 [myid:3] - INFO  [QuorumPeer[myid=3](plain=[0:0:0:0:0:0:0:0]:10717)(secure=disabled):WatchManagerFactory@42] - Using org.apache.zookeeper.server.watch.WatchManager as watch manager
2024-01-24 02:30:35,872 [myid:3] - INFO  [QuorumPeer[myid=3](plain=[0:0:0:0:0:0:0:0]:10717)(secure=disabled):Learner@677] - Learner received NEWLEADER message
2024-01-24 02:30:35,872 [myid:3] - INFO  [QuorumPeer[myid=3](plain=[0:0:0:0:0:0:0:0]:10717)(secure=disabled):QuorumPeer@1811] - Dynamic reconfig is disabled, we don't store the last seen config.
2024-01-24 02:30:35,872 [myid:3] - INFO  [QuorumPeer[myid=3](plain=[0:0:0:0:0:0:0:0]:10717)(secure=disabled):FileTxnSnapLog@470] - Snapshotting: 0x100000000 to /home/tonypan/CORDS/systems/zk/store-3/version-2/snapshot.100000000
2024-01-24 02:30:35,874 [myid:3] - INFO  [QuorumPeer[myid=3](plain=[0:0:0:0:0:0:0:0]:10717)(secure=disabled):ZooKeeperServer@529] - Snapshot taken in 2 ms
2024-01-24 02:30:35,883 [myid:3] - INFO  [QuorumPeer[myid=3](plain=[0:0:0:0:0:0:0:0]:10717)(secure=disabled):Learner@661] - Learner received UPTODATE message
2024-01-24 02:30:35,883 [myid:3] - INFO  [QuorumPeer[myid=3](plain=[0:0:0:0:0:0:0:0]:10717)(secure=disabled):QuorumPeer@868] - Peer state changed: following - synchronization
2024-01-24 02:30:35,887 [myid:3] - INFO  [QuorumPeer[myid=3](plain=[0:0:0:0:0:0:0:0]:10717)(secure=disabled):CommitProcessor@476] - Configuring CommitProcessor with readBatchSize -1 commitBatchSize 1
2024-01-24 02:30:35,887 [myid:3] - INFO  [QuorumPeer[myid=3](plain=[0:0:0:0:0:0:0:0]:10717)(secure=disabled):CommitProcessor@438] - Configuring CommitProcessor with 20 worker threads.
2024-01-24 02:30:35,889 [myid:3] - INFO  [QuorumPeer[myid=3](plain=[0:0:0:0:0:0:0:0]:10717)(secure=disabled):RequestThrottler@74] - zookeeper.request_throttler.shutdownTimeout = 10000
2024-01-24 02:30:35,898 [myid:3] - INFO  [QuorumPeer[myid=3](plain=[0:0:0:0:0:0:0:0]:10717)(secure=disabled):QuorumPeer@863] - Peer state changed: following - broadcast
